<?xml version="1.0" encoding="UTF-8"?>
<!-- Generated by org.testng.reporters.JUnitReportReporter -->
<testsuite hostname="Selva" failures="0" tests="3" name="com.qa.sportyShoes.Tests.RegisterPageTest" time="2.134" errors="0" timestamp="2024-02-22T12:16:57 IST" skipped="0">
  <testcase classname="com.qa.sportyShoes.Tests.RegisterPageTest" name="test_click_registerLink" time="1.618"/>
  <system-out/>
  <testcase classname="com.qa.sportyShoes.Tests.RegisterPageTest" name="test_register_user" time="0.493"/>
  <system-out/>
  <testcase classname="com.qa.sportyShoes.Tests.RegisterPageTest" name="test_newUser_url" time="0.023"/>
  <system-out/>
</testsuite> <!-- com.qa.sportyShoes.Tests.RegisterPageTest -->
