<?xml version="1.0" encoding="UTF-8"?>
<!-- Generated by org.testng.reporters.JUnitReportReporter -->
<testsuite hostname="Selva" failures="0" tests="1" name="com.qa.sportyShoes.Tests.LoginPageTest" time="1.562" errors="0" timestamp="2024-02-22T12:16:57 IST" skipped="0">
  <testcase classname="com.qa.sportyShoes.Tests.LoginPageTest" name="start_browser" time="1.562"/>
  <system-out/>
</testsuite> <!-- com.qa.sportyShoes.Tests.LoginPageTest -->
