<?xml version="1.0" encoding="UTF-8"?>
<!-- Generated by org.testng.reporters.JUnitReportReporter -->
<testsuite hostname="Selva" failures="0" tests="7" name="com.qa.sportyShoes.Tests.ProductsTest" time="8.263" errors="0" timestamp="2024-02-22T12:16:57 IST" skipped="0">
  <testcase classname="com.qa.sportyShoes.Tests.ProductsTest" name="test_user_login" time="1.454"/>
  <system-out/>
  <testcase classname="com.qa.sportyShoes.Tests.ProductsTest" name="test_product_addtoCart" time="1.055"/>
  <system-out/>
  <testcase classname="com.qa.sportyShoes.Tests.ProductsTest" name="test_HomeBTN" time="1.228"/>
  <system-out/>
  <testcase classname="com.qa.sportyShoes.Tests.ProductsTest" name="test_CartBTN" time="1.085"/>
  <system-out/>
  <testcase classname="com.qa.sportyShoes.Tests.ProductsTest" name="test_placeorderBTN" time="1.084"/>
  <system-out/>
  <testcase classname="com.qa.sportyShoes.Tests.ProductsTest" name="test_orders" time="1.262"/>
  <system-out/>
  <testcase classname="com.qa.sportyShoes.Tests.ProductsTest" name="test_logout" time="1.095"/>
  <system-out/>
</testsuite> <!-- com.qa.sportyShoes.Tests.ProductsTest -->
