<?xml version="1.0" encoding="UTF-8"?>
<!-- Generated by org.testng.reporters.JUnitReportReporter -->
<testsuite hostname="Selva" failures="0" tests="3" name="com.qa.sportyShoes.Tests.HomepageTest" time="4.057" errors="0" timestamp="2024-02-22T12:16:57 IST" skipped="0">
  <testcase classname="com.qa.sportyShoes.Tests.HomepageTest" name="start_browser" time="3.902"/>
  <system-out/>
  <testcase classname="com.qa.sportyShoes.Tests.HomepageTest" name="test_getURL_method" time="0.016"/>
  <system-out/>
  <testcase classname="com.qa.sportyShoes.Tests.HomepageTest" name="test_registerlink_method" time="0.139"/>
  <system-out/>
</testsuite> <!-- com.qa.sportyShoes.Tests.HomepageTest -->
